<?xml version="1.0" encoding="UTF-8"?>
<testsuite xmlns:xsi="http://www.w3.org/2001/XMLSchema-instance" xsi:noNamespaceSchemaLocation="https://maven.apache.org/surefire/maven-surefire-plugin/xsd/surefire-test-report.xsd" version="3.0.2" name="com.docencia.clase.ClaseApplicationTests" time="9.917" tests="1" errors="0" skipped="0" failures="0">
  <properties>
[...]
</properties>
  <testcase name="contextLoads" classname="com.docencia.clase.ClaseApplicationTests" time="0.745">
    <system-out><![CDATA[18:37:54.799 [main] INFO org.springframework.test.context.support.AnnotationConfigContextLoaderUtils -- Could not detect default configuration classes for test class [com.docencia.clase.ClaseApplicationTests]: ClaseApplicationTests does not declare any static, non-private, non-final, nested classes annotated with @Configuration.
18:37:55.013 [main] INFO org.springframework.boot.test.context.SpringBootTestContextBootstrapper -- Found @SpringBootConfiguration com.docencia.clase.ClaseApplication for test class com.docencia.clase.ClaseApplicationTests

  .   ____          _            __ _ _
 /\\ / ___'_ __ _ _(_)_ __  __ _ \ \ \ \
( ( )\___ | '_ | '_| | '_ \/ _` | \ \ \ \
 \\/  ___)| |_)| | | | | || (_| |  ) ) ) )
  '  |____| .__|_| |_|_| |_\__, | / / / /
 =========|_|==============|___/=/_/_/_/

 :: Spring Boot ::                (v3.4.2)

2025-03-05T18:37:55.856-05:00  INFO 34588 --- [clase] [           main] c.docencia.clase.ClaseApplicationTests   : Starting ClaseApplicationTests using Java 17.0.14 with PID 34588 (started by Dell in C:\Users\Dell\OneDrive - Universidad EAFIT\Escritorio\SpringBootTutorials02\springboot-app)
2025-03-05T18:37:55.860-05:00  INFO 34588 --- [clase] [           main] c.docencia.clase.ClaseApplicationTests   : No active profile set, falling back to 1 default profile: "default"
2025-03-05T18:37:57.079-05:00  INFO 34588 --- [clase] [           main] .s.d.r.c.RepositoryConfigurationDelegate : Bootstrapping Spring Data JPA repositories in DEFAULT mode.
2025-03-05T18:37:57.176-05:00  INFO 34588 --- [clase] [           main] .s.d.r.c.RepositoryConfigurationDelegate : Finished Spring Data repository scanning in 79 ms. Found 1 JPA repository interface.
2025-03-05T18:37:58.011-05:00  INFO 34588 --- [clase] [           main] o.hibernate.jpa.internal.util.LogHelper  : HHH000204: Processing PersistenceUnitInfo [name: default]
2025-03-05T18:37:58.188-05:00  INFO 34588 --- [clase] [           main] org.hibernate.Version                    : HHH000412: Hibernate ORM core version 6.6.5.Final
2025-03-05T18:37:58.281-05:00  INFO 34588 --- [clase] [           main] o.h.c.internal.RegionFactoryInitiator    : HHH000026: Second-level cache disabled
2025-03-05T18:37:58.976-05:00  INFO 34588 --- [clase] [           main] o.s.o.j.p.SpringPersistenceUnitInfo      : No LoadTimeWeaver setup: ignoring JPA class transformer
2025-03-05T18:37:59.050-05:00  INFO 34588 --- [clase] [           main] com.zaxxer.hikari.HikariDataSource       : HikariPool-1 - Starting...
2025-03-05T18:37:59.654-05:00  INFO 34588 --- [clase] [           main] com.zaxxer.hikari.pool.HikariPool        : HikariPool-1 - Added connection com.mysql.cj.jdbc.ConnectionImpl@3355168
2025-03-05T18:37:59.658-05:00  INFO 34588 --- [clase] [           main] com.zaxxer.hikari.HikariDataSource       : HikariPool-1 - Start completed.
2025-03-05T18:37:59.758-05:00  WARN 34588 --- [clase] [           main] org.hibernate.orm.deprecation            : HHH90000025: MySQLDialect does not need to be specified explicitly using 'hibernate.dialect' (remove the property setting and it will be selected by default)
2025-03-05T18:37:59.811-05:00  INFO 34588 --- [clase] [           main] org.hibernate.orm.connections.pooling    : HHH10001005: Database info:
	Database JDBC URL [Connecting through datasource 'HikariDataSource (HikariPool-1)']
	Database driver: undefined/unknown
	Database version: 9.2
	Autocommit mode: undefined/unknown
	Isolation level: undefined/unknown
	Minimum pool size: undefined/unknown
	Maximum pool size: undefined/unknown
2025-03-05T18:38:01.338-05:00  INFO 34588 --- [clase] [           main] o.h.e.t.j.p.i.JtaPlatformInitiator       : HHH000489: No JTA platform available (set 'hibernate.transaction.jta.platform' to enable JTA platform integration)
Hibernate: create table notes (id bigint not null auto_increment, content varchar(255), purchase_id bigint, primary key (id)) engine=InnoDB
Hibernate: create table purchases (id bigint not null auto_increment, car_id bigint, purchase_date bigint, some_field varchar(255), status varchar(255), primary key (id)) engine=InnoDB
Hibernate: alter table notes add constraint FKsx5xj6oy7944hogjopvnqypm3 foreign key (purchase_id) references purchases (id)
2025-03-05T18:38:02.041-05:00  INFO 34588 --- [clase] [           main] j.LocalContainerEntityManagerFactoryBean : Initialized JPA EntityManagerFactory for persistence unit 'default'
2025-03-05T18:38:02.363-05:00  WARN 34588 --- [clase] [           main] JpaBaseConfiguration$JpaWebConfiguration : spring.jpa.open-in-view is enabled by default. Therefore, database queries may be performed during view rendering. Explicitly configure spring.jpa.open-in-view to disable this warning
2025-03-05T18:38:03.655-05:00  INFO 34588 --- [clase] [           main] c.docencia.clase.ClaseApplicationTests   : Started ClaseApplicationTests in 8.257 seconds (process running for 10.026)
]]></system-out>
  </testcase>
</testsuite>